  cGame.cpp
c:\users\balig\onedrive - glasgow caledonian university\documents\egyetem\2nd year\games programming 1\puc-man-repo\puc-man\cgame.cpp(67): warning C4018: '<': signed/unsigned mismatch
c:\users\balig\onedrive - glasgow caledonian university\documents\egyetem\2nd year\games programming 1\puc-man-repo\puc-man\cgame.cpp(74): warning C4018: '<': signed/unsigned mismatch
c:\users\balig\onedrive - glasgow caledonian university\documents\egyetem\2nd year\games programming 1\puc-man-repo\puc-man\cgame.cpp(103): warning C4018: '<': signed/unsigned mismatch
c:\users\balig\onedrive - glasgow caledonian university\documents\egyetem\2nd year\games programming 1\puc-man-repo\puc-man\cgame.cpp(483): warning C4244: 'argument': conversion from 'double' to 'int', possible loss of data
c:\users\balig\onedrive - glasgow caledonian university\documents\egyetem\2nd year\games programming 1\puc-man-repo\puc-man\cgame.cpp(513): warning C4018: '<': signed/unsigned mismatch
c:\users\balig\onedrive - glasgow caledonian university\documents\egyetem\2nd year\games programming 1\puc-man-repo\puc-man\cgame.cpp(515): warning C4018: '<': signed/unsigned mismatch
c:\users\balig\onedrive - glasgow caledonian university\documents\egyetem\2nd year\games programming 1\puc-man-repo\puc-man\cgame.cpp(522): warning C4018: '<': signed/unsigned mismatch
c:\users\balig\onedrive - glasgow caledonian university\documents\egyetem\2nd year\games programming 1\puc-man-repo\puc-man\cgame.cpp(724): warning C4244: 'initializing': conversion from 'double' to 'int', possible loss of data
c:\users\balig\onedrive - glasgow caledonian university\documents\egyetem\2nd year\games programming 1\puc-man-repo\puc-man\cgame.cpp(725): warning C4244: 'initializing': conversion from 'double' to 'int', possible loss of data
c:\users\balig\onedrive - glasgow caledonian university\documents\egyetem\2nd year\games programming 1\puc-man-repo\puc-man\cgame.cpp(760): warning C4244: '-=': conversion from 'double' to 'float', possible loss of data
c:\users\balig\onedrive - glasgow caledonian university\documents\egyetem\2nd year\games programming 1\puc-man-repo\puc-man\cgame.cpp(765): warning C4305: '=': truncation from 'double' to 'float'
  Puc-man.vcxproj -> C:\Users\balig\OneDrive - GLASGOW CALEDONIAN UNIVERSITY\Documents\Egyetem\2nd year\Games Programming 1\Puc-man-repo\Debug\Puc-man.exe
  Puc-man.vcxproj -> C:\Users\balig\OneDrive - GLASGOW CALEDONIAN UNIVERSITY\Documents\Egyetem\2nd year\Games Programming 1\Puc-man-repo\Debug\Puc-man.pdb (Partial PDB)
  copying SDL2.dll to debug directory
  C:\Users\balig\OneDrive - GLASGOW CALEDONIAN UNIVERSITY\Documents\Egyetem\2nd year\Games Programming 1\SDL2\SDL2-2.0.4\lib\x86\SDL2.dll
  1 File(s) copied
  C:\Users\balig\OneDrive - GLASGOW CALEDONIAN UNIVERSITY\Documents\Egyetem\2nd year\Games Programming 1\SDL2\SDL2_image-2.0.1\lib\x86\libjpeg-9.dll
  C:\Users\balig\OneDrive - GLASGOW CALEDONIAN UNIVERSITY\Documents\Egyetem\2nd year\Games Programming 1\SDL2\SDL2_image-2.0.1\lib\x86\libpng16-16.dll
  C:\Users\balig\OneDrive - GLASGOW CALEDONIAN UNIVERSITY\Documents\Egyetem\2nd year\Games Programming 1\SDL2\SDL2_image-2.0.1\lib\x86\libtiff-5.dll
  C:\Users\balig\OneDrive - GLASGOW CALEDONIAN UNIVERSITY\Documents\Egyetem\2nd year\Games Programming 1\SDL2\SDL2_image-2.0.1\lib\x86\libwebp-4.dll
  C:\Users\balig\OneDrive - GLASGOW CALEDONIAN UNIVERSITY\Documents\Egyetem\2nd year\Games Programming 1\SDL2\SDL2_image-2.0.1\lib\x86\SDL2_image.dll
  C:\Users\balig\OneDrive - GLASGOW CALEDONIAN UNIVERSITY\Documents\Egyetem\2nd year\Games Programming 1\SDL2\SDL2_image-2.0.1\lib\x86\zlib1.dll
  6 File(s) copied
  C:\Users\balig\OneDrive - GLASGOW CALEDONIAN UNIVERSITY\Documents\Egyetem\2nd year\Games Programming 1\SDL2\SDL2_ttf-2.0.14\lib\x86\libfreetype-6.dll
  C:\Users\balig\OneDrive - GLASGOW CALEDONIAN UNIVERSITY\Documents\Egyetem\2nd year\Games Programming 1\SDL2\SDL2_ttf-2.0.14\lib\x86\SDL2_ttf.dll
  C:\Users\balig\OneDrive - GLASGOW CALEDONIAN UNIVERSITY\Documents\Egyetem\2nd year\Games Programming 1\SDL2\SDL2_ttf-2.0.14\lib\x86\zlib1.dll
  3 File(s) copied
  C:\Users\balig\OneDrive - GLASGOW CALEDONIAN UNIVERSITY\Documents\Egyetem\2nd year\Games Programming 1\SDL2\SDL2_mixer-2.0.1\lib\x86\libFLAC-8.dll
  C:\Users\balig\OneDrive - GLASGOW CALEDONIAN UNIVERSITY\Documents\Egyetem\2nd year\Games Programming 1\SDL2\SDL2_mixer-2.0.1\lib\x86\libmodplug-1.dll
  C:\Users\balig\OneDrive - GLASGOW CALEDONIAN UNIVERSITY\Documents\Egyetem\2nd year\Games Programming 1\SDL2\SDL2_mixer-2.0.1\lib\x86\libogg-0.dll
  C:\Users\balig\OneDrive - GLASGOW CALEDONIAN UNIVERSITY\Documents\Egyetem\2nd year\Games Programming 1\SDL2\SDL2_mixer-2.0.1\lib\x86\libvorbis-0.dll
  C:\Users\balig\OneDrive - GLASGOW CALEDONIAN UNIVERSITY\Documents\Egyetem\2nd year\Games Programming 1\SDL2\SDL2_mixer-2.0.1\lib\x86\libvorbisfile-3.dll
  C:\Users\balig\OneDrive - GLASGOW CALEDONIAN UNIVERSITY\Documents\Egyetem\2nd year\Games Programming 1\SDL2\SDL2_mixer-2.0.1\lib\x86\SDL2_mixer.dll
  C:\Users\balig\OneDrive - GLASGOW CALEDONIAN UNIVERSITY\Documents\Egyetem\2nd year\Games Programming 1\SDL2\SDL2_mixer-2.0.1\lib\x86\smpeg2.dll
  7 File(s) copied
